# JRE version: OpenJDK Runtime Environment Temurin-21.0.11+10 (21.0.11+10) (build 21.0.11+10-LTS)
# Java VM: OpenJDK 64-Bit Server VM Temurin-21.0.11+10 (21.0.11+10-LTS, mixed mode, sharing, tiered, compressed oops, compressed class ptrs, g1 gc, windows-amd64)
GC Precious Log:
 CardTable entry size: 512
 Card Set container configuration: InlinePtr #cards 5 size 8 Array Of Cards #cards 12 size 40 Howl #buckets 4 coarsen threshold 1843 Howl Bitmap #cards 512 size 80 coarsen threshold 460 Card regions per heap region 1 cards per card region 2048
 CPUs: 16 total, 16 available
 Memory: 16004M
 Large Page Support: Disabled
 NUMA Support: Disabled
 Compressed Oops: Enabled (32-bit)
 Heap Region Size: 1M
 Heap Min Capacity: 8M
 Heap Initial Capacity: 252M
 Heap Max Capacity: 2G
 Pre-touch: Disabled
 Parallel Workers: 13
 Concurrent Workers: 3
 Concurrent Refinement Workers: 13
 Periodic GC: Disabled
Heap:
 garbage-first heap   total 135168K, used 73833K [0x0000000080000000, 0x0000000100000000)
  region size 1024K, 11 young (11264K), 8 survivors (8192K)
 Metaspace       used 72597K, committed 74944K, reserved 491520K
  class space    used 10591K, committed 11776K, reserved 425984K
GC Heap History (20 events):
Event: 12.735 GC heap before
{Heap before GC invocations=9 (full 0):
 garbage-first heap   total 107520K, used 87009K [0x0000000080000000, 0x0000000100000000)
  region size 1024K, 56 young (57344K), 7 survivors (7168K)
 Metaspace       used 43115K, committed 44928K, reserved 491520K
  class space    used 6375K, committed 7296K, reserved 425984K
}
Event: 12.741 GC heap after
{Heap after GC invocations=10 (full 0):
 garbage-first heap   total 107520K, used 38673K [0x0000000080000000, 0x0000000100000000)
  region size 1024K, 3 young (3072K), 3 survivors (3072K)
 Metaspace       used 43115K, committed 44928K, reserved 491520K
  class space    used 6375K, committed 7296K, reserved 425984K
}
Event: 14.016 GC heap before
{Heap before GC invocations=10 (full 0):
 garbage-first heap   total 107520K, used 88849K [0x0000000080000000, 0x0000000100000000)
  region size 1024K, 52 young (53248K), 3 survivors (3072K)
 Metaspace       used 48207K, committed 50048K, reserved 491520K
  class space    used 7173K, committed 8064K, reserved 425984K
}
Event: 14.021 GC heap after
{Heap after GC invocations=11 (full 0):
 garbage-first heap   total 107520K, used 41258K [0x0000000080000000, 0x0000000100000000)
  region size 1024K, 5 young (5120K), 5 survivors (5120K)
 Metaspace       used 48207K, committed 50048K, reserved 491520K
  class space    used 7173K, committed 8064K, reserved 425984K
}
Event: 14.640 GC heap before
{Heap before GC invocations=11 (full 0):
 garbage-first heap   total 107520K, used 91434K [0x0000000080000000, 0x0000000100000000)
  region size 1024K, 54 young (55296K), 5 survivors (5120K)
 Metaspace       used 51158K, committed 53056K, reserved 491520K
  class space    used 7563K, committed 8512K, reserved 425984K
}
Event: 14.644 GC heap after
{Heap after GC invocations=12 (full 0):
 garbage-first heap   total 107520K, used 43342K [0x0000000080000000, 0x0000000100000000)
  region size 1024K, 6 young (6144K), 6 survivors (6144K)
 Metaspace       used 51158K, committed 53056K, reserved 491520K
  class space    used 7563K, committed 8512K, reserved 425984K
}
Event: 15.965 GC heap before
{Heap before GC invocations=12 (full 0):
 garbage-first heap   total 107520K, used 92494K [0x0000000080000000, 0x0000000100000000)
  region size 1024K, 54 young (55296K), 6 survivors (6144K)
 Metaspace       used 55840K, committed 57856K, reserved 491520K
  class space    used 8284K, committed 9216K, reserved 425984K
}
Event: 15.971 GC heap after
{Heap after GC invocations=13 (full 0):
 garbage-first heap   total 107520K, used 48141K [0x0000000080000000, 0x0000000100000000)
  region size 1024K, 7 young (7168K), 7 survivors (7168K)
 Metaspace       used 55840K, committed 57856K, reserved 491520K
  class space    used 8284K, committed 9216K, reserved 425984K
}
Event: 16.967 GC heap before
{Heap before GC invocations=13 (full 0):
 garbage-first heap   total 107520K, used 98317K [0x0000000080000000, 0x0000000100000000)
  region size 1024K, 51 young (52224K), 7 survivors (7168K)
 Metaspace       used 57548K, committed 59648K, reserved 491520K
  class space    used 8468K, committed 9472K, reserved 425984K
}
Event: 16.972 GC heap after
{Heap after GC invocations=14 (full 0):
 garbage-first heap   total 112640K, used 60196K [0x0000000080000000, 0x0000000100000000)
  region size 1024K, 7 young (7168K), 7 survivors (7168K)
 Metaspace       used 57548K, committed 59648K, reserved 491520K
  class space    used 8468K, committed 9472K, reserved 425984K
}
Event: 17.167 GC heap before
{Heap before GC invocations=14 (full 0):
 garbage-first heap   total 112640K, used 72484K [0x0000000080000000, 0x0000000100000000)
  region size 1024K, 20 young (20480K), 7 survivors (7168K)
 Metaspace       used 58691K, committed 60800K, reserved 491520K
  class space    used 8615K, committed 9664K, reserved 425984K
}
Event: 17.171 GC heap after
{Heap after GC invocations=15 (full 0):
 garbage-first heap   total 112640K, used 61529K [0x0000000080000000, 0x0000000100000000)
  region size 1024K, 2 young (2048K), 2 survivors (2048K)
 Metaspace       used 58691K, committed 60800K, reserved 491520K
  class space    used 8615K, committed 9664K, reserved 425984K
}
Event: 17.825 GC heap before
{Heap before GC invocations=16 (full 0):
 garbage-first heap   total 112640K, used 100441K [0x0000000080000000, 0x0000000100000000)
  region size 1024K, 40 young (40960K), 2 survivors (2048K)
 Metaspace       used 62113K, committed 64256K, reserved 491520K
  class space    used 9085K, committed 10112K, reserved 425984K
}
Event: 17.827 GC heap after
{Heap after GC invocations=17 (full 0):
 garbage-first heap   total 112640K, used 63200K [0x0000000080000000, 0x0000000100000000)
  region size 1024K, 3 young (3072K), 3 survivors (3072K)
 Metaspace       used 62113K, committed 64256K, reserved 491520K
  class space    used 9085K, committed 10112K, reserved 425984K
}
Event: 18.370 GC heap before
{Heap before GC invocations=17 (full 0):
 garbage-first heap   total 112640K, used 101088K [0x0000000080000000, 0x0000000100000000)
  region size 1024K, 40 young (40960K), 3 survivors (3072K)
 Metaspace       used 64982K, committed 67200K, reserved 491520K
  class space    used 9554K, committed 10624K, reserved 425984K
}
Event: 18.375 GC heap after
{Heap after GC invocations=18 (full 0):
 garbage-first heap   total 112640K, used 63589K [0x0000000080000000, 0x0000000100000000)
  region size 1024K, 4 young (4096K), 4 survivors (4096K)
 Metaspace       used 64982K, committed 67200K, reserved 491520K
  class space    used 9554K, committed 10624K, reserved 425984K
}
Event: 18.961 GC heap before
{Heap before GC invocations=18 (full 0):
 garbage-first heap   total 112640K, used 96357K [0x0000000080000000, 0x0000000100000000)
  region size 1024K, 37 young (37888K), 4 survivors (4096K)
 Metaspace       used 67237K, committed 69440K, reserved 491520K
  class space    used 9901K, committed 10944K, reserved 425984K
}
Event: 18.966 GC heap after
{Heap after GC invocations=19 (full 0):
 garbage-first heap   total 112640K, used 64999K [0x0000000080000000, 0x0000000100000000)
  region size 1024K, 3 young (3072K), 3 survivors (3072K)
 Metaspace       used 67237K, committed 69440K, reserved 491520K
  class space    used 9901K, committed 10944K, reserved 425984K
}
Event: 22.490 GC heap before
{Heap before GC invocations=20 (full 0):
 garbage-first heap   total 112640K, used 103911K [0x0000000080000000, 0x0000000100000000)
  region size 1024K, 41 young (41984K), 3 survivors (3072K)
 Metaspace       used 70054K, committed 72320K, reserved 491520K
  class space    used 10292K, committed 11392K, reserved 425984K
}
Event: 22.493 GC heap after
{Heap after GC invocations=21 (full 0):
 garbage-first heap   total 135168K, used 66815K [0x0000000080000000, 0x0000000100000000)
  region size 1024K, 5 young (5120K), 5 survivors (5120K)
 Metaspace       used 70054K, committed 72320K, reserved 491520K
  class space    used 10292K, committed 11392K, reserved 425984K
}

